<?xml version="1.0" encoding="UTF-8"?>
<!-- Generated by org.testng.reporters.JUnitReportReporter -->
<testsuite hostname="DESKTOP-QESGB3I" failures="0" tests="2" name="SeleniumProject.ErrorMessageValidationTest" time="17.724" errors="0" timestamp="2024-07-23T10:57:49 IST" skipped="0">
  <testcase classname="SeleniumProject.ErrorMessageValidationTest" name="LoginerrorValidation" time="6.904"/>
  <testcase classname="SeleniumProject.ErrorMessageValidationTest" name="ProducterrorValidation" time="10.820"/>
</testsuite> <!-- SeleniumProject.ErrorMessageValidationTest -->
