<?xml version="1.0" encoding="UTF-8"?>
<!-- Generated by org.testng.reporters.JUnitReportReporter -->
<testsuite hostname="DESKTOP-QESGB3I" failures="0" tests="1" name="SeleniumProject.ErrorMessageValidation" time="20.887" errors="0" timestamp="2024-07-09T13:37:06 IST" skipped="0">
  <testcase classname="SeleniumProject.ErrorMessageValidation" name="SubmitOrder" time="20.887"/>
</testsuite> <!-- SeleniumProject.ErrorMessageValidation -->
