<?xml version="1.0" encoding="UTF-8"?>
<!-- Generated by org.testng.reporters.JUnitReportReporter -->
<testsuite hostname="DESKTOP-QESGB3I" failures="0" tests="2" name="SeleniumProject.ErrorMessageValidationTest" time="21.910" errors="0" timestamp="2024-07-23T00:17:15 IST" skipped="0">
  <testcase classname="SeleniumProject.ErrorMessageValidationTest" name="LoginerrorValidation" time="10.313"/>
  <testcase classname="SeleniumProject.ErrorMessageValidationTest" name="ProducterrorValidation" time="11.597"/>
</testsuite> <!-- SeleniumProject.ErrorMessageValidationTest -->
